#
# There is insufficient memory for the Java Runtime Environment to continue.
# Native memory allocation (mmap) failed to map 67108864 bytes for G1 virtual space
# Possible reasons:
#   The system is out of physical RAM or swap space
#   The process is running with CompressedOops enabled, and the Java Heap may be blocking the growth of the native heap
# Possible solutions:
#   Reduce memory load on the system
#   Increase physical memory or swap space
#   Check if swap backing store is full
#   Decrease Java heap size (-Xmx/-Xms)
#   Decrease number of Java threads
#   Decrease Java thread stack sizes (-Xss)
#   Set larger code cache with -XX:ReservedCodeCacheSize=
#   JVM is running with Unscaled Compressed Oops mode in which the Java heap is
#     placed in the first 4GB address space. The Java Heap base address is the
#     maximum limit for the native heap growth. Please use -XX:HeapBaseMinAddress
#     to set the Java Heap base and to place the Java Heap above 4GB virtual address.
# This output file may be truncated or incomplete.
#
#  Out of Memory Error (./open/src/hotspot/os/windows/os_windows.cpp:3472), pid=18664, tid=19104
#
# JRE version:  (15.0.1+9) (build )
# Java VM: OpenJDK 64-Bit Server VM (15.0.1+9-18, mixed mode, sharing, tiered, compressed oops, g1 gc, windows-amd64)
# No core dump will be written. Minidumps are not enabled by default on client versions of Windows
#

---------------  S U M M A R Y ------------

Command Line: -Dfile.encoding=Cp1252 -XX:+ShowCodeDetailsInExceptionMessages atmSimulaterSystem.Login

Host: Intel(R) Core(TM) i3-3110M CPU @ 2.40GHz, 4 cores, 3G,  Windows 10 , 64 bit Build 19041 (10.0.19041.662)
Time: Mon Feb  1 12:54:24 2021 India Standard Time elapsed time: 0.130591 seconds (0d 0h 0m 0s)

---------------  T H R E A D  ---------------

Current thread (0x0000016d8c5c1270):  JavaThread "Unknown thread" [_thread_in_vm, id=19104, stack(0x0000002f0e100000,0x0000002f0e200000)]

Stack: [0x0000002f0e100000,0x0000002f0e200000]
Native frames: (J=compiled Java code, j=interpreted, Vv=VM code, C=native code)
V  [jvm.dll+0x62ae9a]
V  [jvm.dll+0x781389]
V  [jvm.dll+0x782ae3]
V  [jvm.dll+0x783143]
V  [jvm.dll+0x216265]
V  [jvm.dll+0x6281d9]
V  [jvm.dll+0x61cd15]
V  [jvm.dll+0x2d01fd]
V  [jvm.dll+0x2d0062]
V  [jvm.dll+0x2d603c]
V  [jvm.dll+0x325b2a]
V  [jvm.dll+0x3251f4]
V  [jvm.dll+0x2a717a]
V  [jvm.dll+0x2a8318]
V  [jvm.dll+0x75e101]
V  [jvm.dll+0x3343e4]
V  [jvm.dll+0x73e826]
V  [jvm.dll+0x3b7777]
V  [jvm.dll+0x3b9201]
C  [jli.dll+0x52fb]
C  [ucrtbase.dll+0x214c2]
C  [KERNEL32.DLL+0x17034]
C  [ntdll.dll+0x4d0d1]


---------------  P R O C E S S  ---------------

Threads class SMR info:
_java_thread_list=0x00007ffb5f204ff0, length=0, elements={
}

Java Threads: ( => current thread )

Other Threads:
  0x0000016d8c5f0520 GCTaskThread "GC Thread#0" [stack: 0x0000002f0e200000,0x0000002f0e300000] [id=17700]
  0x0000016d8c5f93c0 ConcurrentGCThread "G1 Main Marker" [stack: 0x0000002f0e300000,0x0000002f0e400000] [id=18820]
  0x0000016d8c5fb6f0 ConcurrentGCThread "G1 Conc#0" [stack: 0x0000002f0e400000,0x0000002f0e500000] [id=8244]

[error occurred during error reporting (printing all threads), id 0xc0000005, EXCEPTION_ACCESS_VIOLATION (0xc0000005) at pc=0x00007ffb5e9f8047]

VM state: not at safepoint (not fully initialized)

VM Mutex/Monitor currently owned by a thread:  ([mutex/lock_event])
[0x0000016d8c5bd920] Heap_lock - owner thread: 0x0000016d8c5c1270

Heap address: 0x00000000c1a00000, size: 998 MB, Compressed Oops mode: 32-bit
CDS archive(s) mapped at: [0x0000000000000000-0x0000000000000000-0x0000000000000000), size 0, SharedBaseAddress: 0x0000000800000000, ArchiveRelocationMode: 0.
Narrow klass base: 0x0000000000000000, Narrow klass shift: 0, Narrow klass range: 0x0

Heap:
 garbage-first heap   total 65536K, used 0K [0x00000000c1a00000, 0x0000000100000000)
  region size 1024K, 0 young (0K), 0 survivors (0K)
 Metaspace       used 0K, capacity 0K, committed 0K, reserved 0K
  class space    used 0K, capacity 0K, committed 0K, reserved 0K

Heap Regions: E=young(eden), S=young(survivor), O=old, HS=humongous(starts), HC=humongous(continues), CS=collection set, F=free, OA=open archive, CA=closed archive, TAMS=top-at-mark-start (previous, next)

Card table byte_map: [0x0000016da1030000,0x0000016da1230000] _byte_map_base: 0x0000016da0a23000

Marking Bits (Prev, Next): (CMBitMap*) 0x0000016d8c5f0ca0, (CMBitMap*) 0x0000016d8c5f0ce0
 Prev Bits: [0x0000016da1430000, 0x0000016da23c8000)
 Next Bits: [0x0000016da23d0000, 0x0000016da3368000)

GC Heap History (0 events):
No events

Deoptimization events (0 events):
No events

Classes unloaded (0 events):
No events

Classes redefined (0 events):
No events

Internal exceptions (0 events):
No events

Events (1 events):
Event: 0.016 Loaded shared library C:\Users\HG\.p2\pool\plugins\org.eclipse.justj.openjdk.hotspot.jre.full.win32.x86_64_15.0.1.v20201027-0507\jre\bin\java.dll


Dynamic libraries:
0x00007ff6a6f10000 - 0x00007ff6a6f1d000 	C:\Users\HG\.p2\pool\plugins\org.eclipse.justj.openjdk.hotspot.jre.full.win32.x86_64_15.0.1.v20201027-0507\jre\bin\javaw.exe
0x00007ffbab770000 - 0x00007ffbab966000 	C:\WINDOWS\SYSTEM32\ntdll.dll
0x00007ffbaac20000 - 0x00007ffbaacdd000 	C:\WINDOWS\System32\KERNEL32.DLL
0x00007ffba88b0000 - 0x00007ffba8b79000 	C:\WINDOWS\System32\KERNELBASE.dll
0x00007ffba8c30000 - 0x00007ffba8d30000 	C:\WINDOWS\System32\ucrtbase.dll
0x00007ffba3a00000 - 0x00007ffba3a18000 	C:\Users\HG\.p2\pool\plugins\org.eclipse.justj.openjdk.hotspot.jre.full.win32.x86_64_15.0.1.v20201027-0507\jre\bin\jli.dll
0x00007ffba39e0000 - 0x00007ffba39f9000 	C:\Users\HG\.p2\pool\plugins\org.eclipse.justj.openjdk.hotspot.jre.full.win32.x86_64_15.0.1.v20201027-0507\jre\bin\VCRUNTIME140.dll
0x00007ffbaa890000 - 0x00007ffbaaa30000 	C:\WINDOWS\System32\USER32.dll
0x00007ffba0730000 - 0x00007ffba09cb000 	C:\WINDOWS\WinSxS\amd64_microsoft.windows.common-controls_6595b64144ccf1df_6.0.19041.746_none_ca02b4b61b8320a4\COMCTL32.dll
0x00007ffba87e0000 - 0x00007ffba8802000 	C:\WINDOWS\System32\win32u.dll
0x00007ffbaad40000 - 0x00007ffbaadde000 	C:\WINDOWS\System32\msvcrt.dll
0x00007ffba9950000 - 0x00007ffba997a000 	C:\WINDOWS\System32\GDI32.dll
0x00007ffba8de0000 - 0x00007ffba8eeb000 	C:\WINDOWS\System32\gdi32full.dll
0x00007ffba8810000 - 0x00007ffba88ad000 	C:\WINDOWS\System32\msvcp_win.dll
0x00007ffba9a00000 - 0x00007ffba9a30000 	C:\WINDOWS\System32\IMM32.DLL
0x00007ffba5ea0000 - 0x00007ffba5eac000 	C:\Users\HG\.p2\pool\plugins\org.eclipse.justj.openjdk.hotspot.jre.full.win32.x86_64_15.0.1.v20201027-0507\jre\bin\vcruntime140_1.dll
0x00007ffb98cd0000 - 0x00007ffb98d61000 	C:\Users\HG\.p2\pool\plugins\org.eclipse.justj.openjdk.hotspot.jre.full.win32.x86_64_15.0.1.v20201027-0507\jre\bin\msvcp140.dll
0x00007ffb5e740000 - 0x00007ffb5f29e000 	C:\Users\HG\.p2\pool\plugins\org.eclipse.justj.openjdk.hotspot.jre.full.win32.x86_64_15.0.1.v20201027-0507\jre\bin\server\jvm.dll
0x00007ffba96f0000 - 0x00007ffba979c000 	C:\WINDOWS\System32\ADVAPI32.dll
0x00007ffba9a50000 - 0x00007ffba9aec000 	C:\WINDOWS\System32\sechost.dll
0x00007ffba9c40000 - 0x00007ffba9d6b000 	C:\WINDOWS\System32\RPCRT4.dll
0x00007ffba9c30000 - 0x00007ffba9c38000 	C:\WINDOWS\System32\PSAPI.DLL
0x00007ffba50f0000 - 0x00007ffba50f9000 	C:\WINDOWS\SYSTEM32\WSOCK32.dll
0x00007ffb9d230000 - 0x00007ffb9d257000 	C:\WINDOWS\SYSTEM32\WINMM.dll
0x00007ffba9af0000 - 0x00007ffba9b5b000 	C:\WINDOWS\System32\WS2_32.dll
0x00007ffb9b320000 - 0x00007ffb9b32a000 	C:\WINDOWS\SYSTEM32\VERSION.dll
0x00007ffba6580000 - 0x00007ffba6592000 	C:\WINDOWS\SYSTEM32\kernel.appcore.dll
0x00007ffba5100000 - 0x00007ffba510a000 	C:\Users\HG\.p2\pool\plugins\org.eclipse.justj.openjdk.hotspot.jre.full.win32.x86_64_15.0.1.v20201027-0507\jre\bin\jimage.dll
0x00007ffb99970000 - 0x00007ffb99b54000 	C:\WINDOWS\SYSTEM32\DBGHELP.DLL
0x00007ffba0e20000 - 0x00007ffba0e4c000 	C:\WINDOWS\SYSTEM32\dbgcore.DLL
0x00007ffba8bb0000 - 0x00007ffba8c30000 	C:\WINDOWS\System32\bcryptPrimitives.dll
0x00007ffb9f6a0000 - 0x00007ffb9f6c5000 	C:\Users\HG\.p2\pool\plugins\org.eclipse.justj.openjdk.hotspot.jre.full.win32.x86_64_15.0.1.v20201027-0507\jre\bin\java.dll

dbghelp: loaded successfully - version: 4.0.5 - missing functions: none
symbol engine: initialized successfully - sym options: 0x614 - pdb path: .;C:\Users\HG\.p2\pool\plugins\org.eclipse.justj.openjdk.hotspot.jre.full.win32.x86_64_15.0.1.v20201027-0507\jre\bin;C:\WINDOWS\SYSTEM32;C:\WINDOWS\WinSxS\amd64_microsoft.windows.common-controls_6595b64144ccf1df_6.0.19041.746_none_ca02b4b61b8320a4;C:\Users\HG\.p2\pool\plugins\org.eclipse.justj.openjdk.hotspot.jre.full.win32.x86_64_15.0.1.v20201027-0507\jre\bin\server

VM Arguments:
jvm_args: -Dfile.encoding=Cp1252 -XX:+ShowCodeDetailsInExceptionMessages 
java_command: atmSimulaterSystem.Login
java_class_path (initial): C:\Users\HG\eclipse-workspace\Atm Simulater System\bin;D:\java with vs code\atmSimulaterSystem\atmSimulaterSystem.jar;C:\Users\HG\eclipse-workspace\mysql-connector-java-5.1.49\mysql-connector-java-5.1.49.jar;C:\Users\HG\eclipse-workspace\mysql-connector-java-5.1.49\mysql-connector-java-5.1.49-bin.jar;C:\Users\HG\eclipse-workspace\jcalendar-tz-1.3.3-4.jar
Launcher Type: SUN_STANDARD

[Global flags]
     intx CICompilerCount                          = 3                                         {product} {ergonomic}
     uint ConcGCThreads                            = 1                                         {product} {ergonomic}
     uint G1ConcRefinementThreads                  = 4                                         {product} {ergonomic}
   size_t G1HeapRegionSize                         = 1048576                                   {product} {ergonomic}
    uintx GCDrainStackTargetSize                   = 64                                        {product} {ergonomic}
   size_t InitialHeapSize                          = 67108864                                  {product} {ergonomic}
   size_t MarkStackSize                            = 4194304                                   {product} {ergonomic}
   size_t MaxHeapSize                              = 1046478848                                {product} {ergonomic}
   size_t MinHeapDeltaBytes                        = 1048576                                   {product} {ergonomic}
   size_t MinHeapSize                              = 8388608                                   {product} {ergonomic}
    uintx NonNMethodCodeHeapSize                   = 5832780                                {pd product} {ergonomic}
    uintx NonProfiledCodeHeapSize                  = 122912730                              {pd product} {ergonomic}
    uintx ProfiledCodeHeapSize                     = 122912730                              {pd product} {ergonomic}
    uintx ReservedCodeCacheSize                    = 251658240                              {pd product} {ergonomic}
     bool SegmentedCodeCache                       = true                                      {product} {ergonomic}
     bool ShowCodeDetailsInExceptionMessages       = true                                   {manageable} {command line}
   size_t SoftMaxHeapSize                          = 1046478848                             {manageable} {ergonomic}
     bool UseCompressedClassPointers               = true                                 {lp64_product} {ergonomic}
     bool UseCompressedOops                        = true                                 {lp64_product} {ergonomic}
     bool UseG1GC                                  = true                                      {product} {ergonomic}
     bool UseLargePagesIndividualAllocation        = false                                  {pd product} {ergonomic}

Logging:
Log output configuration:
 #0: stdout all=warning uptime,level,tags
 #1: stderr all=off uptime,level,tags

Environment Variables:
JAVA_HOME=C:\Program Files\Java\jdk-15.0.2
PATH=C:/Program Files/Java/jdk-11.0.9/bin/server;C:/Program Files/Java/jdk-11.0.9/bin;C:\Program Files\Common Files\Oracle\Java\javapath;C:\Program Files (x86)\Intel\iCLS Client\;C:\Program Files\Intel\iCLS Client\;C:\WINDOWS\system32;C:\WINDOWS;C:\WINDOWS\System32\Wbem;C:\WINDOWS\System32\WindowsPowerShell\v1.0\;C:\Program Files (x86)\Windows Live\Shared;C:\Program Files (x86)\Intel\OpenCL SDK\3.0\bin\x86;C:\Program Files (x86)\Intel\OpenCL SDK\3.0\bin\x64;C:\Program Files\Intel\Intel(R) Management Engine Components\DAL;C:\Program Files\Intel\Intel(R) Management Engine Components\IPT;C:\Program Files (x86)\Intel\Intel(R) Management Engine Components\DAL;C:\Program Files (x86)\Intel\Intel(R) Management Engine Components\IPT;C:\WINDOWS\System32\OpenSSH\;C:\Program Files\nodejs\;C:\ProgramData\chocolatey\bin;C:\Program Files\Git\cmd;C:\Users\HG\AppData\Local\Microsoft\WindowsApps;C:\Users\HG\AppData\Local\Programs\Microsoft VS Code\bin;C:\Users\HG\AppData\Roaming\npm;C:\adb;C:\Users\HG\AppData\Local\Microsoft\WindowsApps;C:\Users\HG\AppData\Local\Programs\Microsoft VS Code\bin;C:\Users\HG\AppData\Roaming\npm;C:\Program Files\MongoDB\Server\4.4\bin;;C:\WINDOWS\System32;
USERNAME=HG
OS=Windows_NT
PROCESSOR_IDENTIFIER=Intel64 Family 6 Model 58 Stepping 9, GenuineIntel



---------------  S Y S T E M  ---------------

OS:
 Windows 10 , 64 bit Build 19041 (10.0.19041.662)
OS uptime: 0 days 23:08 hours

CPU: total 4 (initial active 4) (2 cores per cpu, 2 threads per core) family 6 model 58 stepping 9 microcode 0x21, cmov, cx8, fxsr, mmx, sse, sse2, sse3, ssse3, sse4.1, sse4.2, popcnt, vzeroupper, avx, clmul, erms, ht, tsc, tscinvbit, tscinv, clflush

Memory: 4k page, system-wide physical 3988M (204M free)
TotalPageFile size 16276M (AvailPageFile size 45M)
current process WorkingSet (physical memory assigned to process): 9M, peak: 9M
current process commit charge ("private bytes"): 51M, peak: 115M

vm_info: OpenJDK 64-Bit Server VM (15.0.1+9-18) for windows-amd64 JRE (15.0.1+9-18), built on Sep 15 2020 14:39:31 by "mach5one" with unknown MS VC++:1925

END.
